<?xml version="1.0" ?>
<testsuites disabled="0" errors="0" failures="17" tests="34" time="0.0">
	<testsuite disabled="0" errors="0" failures="17" name="terraform scan" skipped="0" tests="34" time="0">
		<properties>
			<property name="directory" value="['.']"/>
			<property name="add_check" value="False"/>
			<property name="list" value="False"/>
			<property name="output" value="['junitxml', 'json']"/>
			<property name="output_file_path" value="/private/tmp/claude-501/-Users-brandonfield-risk-sentinel-sparc-iac/ab4fe8dc-25cc-4a18-95e2-ce1da3c5676c/scratchpad/fixture-out/"/>
			<property name="output_bc_ids" value="False"/>
			<property name="include_all_checkov_policies" value="True"/>
			<property name="quiet" value="True"/>
			<property name="compact" value="False"/>
			<property name="framework" value="['terraform']"/>
			<property name="skip_framework" value="[]"/>
			<property name="run_all_external_checks" value="False"/>
			<property name="soft_fail" value="False"/>
			<property name="skip_results_upload" value="False"/>
			<property name="repo_id" value="cli_repo/fixture"/>
			<property name="branch" value="master"/>
			<property name="skip_download" value="False"/>
			<property name="use_enforcement_rules" value="False"/>
			<property name="external_modules_download_path" value=".external_modules"/>
			<property name="evaluate_variables" value="True"/>
			<property name="no_cert_verify" value="False"/>
			<property name="create_baseline" value="False"/>
			<property name="output_baseline_as_skipped" value="False"/>
			<property name="secrets_scan_file_type" value="[]"/>
			<property name="enable_secret_scan_all_files" value="False"/>
			<property name="block_list_secret_scan" value="[]"/>
			<property name="summary_position" value="top"/>
			<property name="skip_resources_without_violations" value="False"/>
			<property name="deep_analysis" value="False"/>
			<property name="no_fail_on_crash" value="False"/>
			<property name="mask" value="defaultdict(&lt;class 'set'&gt;, {})"/>
			<property name="scan_secrets_history" value="False"/>
			<property name="secrets_history_timeout" value="12h"/>
			<property name="custom_tool_name" value="Checkov"/>
		</properties>
		<testcase name="[NONE][CKV_AWS_93] Ensure S3 bucket policy does not lockout all but root user. (Prevent lockouts needing root account fixes)" classname="/main.tf.aws_s3_bucket.unencrypted" file="/main.tf"/>
		<testcase name="[NONE][CKV_AWS_260] Ensure no security groups allow ingress from 0.0.0.0:0 to port 80" classname="/main.tf.aws_security_group.wide_open" file="/main.tf"/>
		<testcase name="[NONE][CKV_AWS_277] Ensure no security groups allow ingress from 0.0.0.0:0 to port -1" classname="/main.tf.aws_security_group.wide_open" file="/main.tf"/>
		<testcase name="[NONE][CKV_AWS_25] Ensure no security groups allow ingress from 0.0.0.0:0 to port 3389" classname="/main.tf.aws_security_group.wide_open" file="/main.tf"/>
		<testcase name="[NONE][CKV_AWS_382] Ensure no security groups allow egress from 0.0.0.0:0 to port -1" classname="/main.tf.aws_security_group.wide_open" file="/main.tf"/>
		<testcase name="[NONE][CKV_AWS_260] Ensure no security groups allow ingress from 0.0.0.0:0 to port 80" classname="/main.tf.aws_security_group_rule.documented_skip" file="/main.tf"/>
		<testcase name="[NONE][CKV_AWS_24] Ensure no security groups allow ingress from 0.0.0.0:0 to port 22" classname="/main.tf.aws_security_group_rule.documented_skip" file="/main.tf"/>
		<testcase name="[NONE][CKV_AWS_277] Ensure no security groups allow ingress from 0.0.0.0:0 to port -1" classname="/main.tf.aws_security_group_rule.documented_skip" file="/main.tf"/>
		<testcase name="[NONE][CKV_AWS_25] Ensure no security groups allow ingress from 0.0.0.0:0 to port 3389" classname="/main.tf.aws_security_group_rule.documented_skip" file="/main.tf"/>
		<testcase name="[NONE][CKV_AWS_93] Ensure S3 bucket policy does not lockout all but root user. (Prevent lockouts needing root account fixes)" classname="/modules/storage/main.tf.module.storage.aws_s3_bucket.module_bucket" file="/modules/storage/main.tf"/>
		<testcase name="[NONE][CKV_AWS_20] S3 Bucket has an ACL defined which allows public READ access." classname="/main.tf.aws_s3_bucket.unencrypted" file="/main.tf"/>
		<testcase name="[NONE][CKV_AWS_20] S3 Bucket has an ACL defined which allows public READ access." classname="/modules/storage/main.tf.module.storage.aws_s3_bucket.module_bucket" file="/modules/storage/main.tf"/>
		<testcase name="[NONE][CKV_AWS_19] Ensure all data stored in the S3 bucket is securely encrypted at rest" classname="/main.tf.aws_s3_bucket.unencrypted" file="/main.tf"/>
		<testcase name="[NONE][CKV_AWS_19] Ensure all data stored in the S3 bucket is securely encrypted at rest" classname="/modules/storage/main.tf.module.storage.aws_s3_bucket.module_bucket" file="/modules/storage/main.tf"/>
		<testcase name="[NONE][CKV_AWS_57] S3 Bucket has an ACL defined which allows public WRITE access." classname="/main.tf.aws_s3_bucket.unencrypted" file="/main.tf"/>
		<testcase name="[NONE][CKV_AWS_57] S3 Bucket has an ACL defined which allows public WRITE access." classname="/modules/storage/main.tf.module.storage.aws_s3_bucket.module_bucket" file="/modules/storage/main.tf"/>
		<testcase name="[NONE][CKV_AWS_21] Ensure all data stored in the S3 bucket have versioning enabled" classname="/modules/storage/main.tf.module.storage.aws_s3_bucket.module_bucket" file="/modules/storage/main.tf"/>
		<testcase name="[NONE][CKV_AWS_24] Ensure no security groups allow ingress from 0.0.0.0:0 to port 22" classname="/main.tf.aws_security_group.wide_open" file="/main.tf">
			<failure type="failure" message="Ensure no security groups allow ingress from 0.0.0.0:0 to port 22">
Resource: aws_security_group.wide_open
File: /main.tf: 9-19
Guideline: https://docs.prismacloud.io/en/enterprise-edition/policy-reference/aws-policies/aws-networking-policies/networking-1-port-security

		9  | resource &quot;aws_security_group&quot; &quot;wide_open&quot; {
		10 |   name        = &quot;fixture-sg&quot;
		11 |   description = &quot;Ingress from anywhere — a \&quot;quoted\&quot; description, to exercise XML escaping&quot;
		12 | 
		13 |   ingress {
		14 |     from_port   = 22
		15 |     to_port     = 22
		16 |     protocol    = &quot;tcp&quot;
		17 |     cidr_blocks = [&quot;0.0.0.0/0&quot;]
		18 |   }
		19 | }
</failure>
		</testcase>
		<testcase name="[NONE][CKV_AWS_23] Ensure every security group and rule has a description" classname="/main.tf.aws_security_group.wide_open" file="/main.tf">
			<failure type="failure" message="Ensure every security group and rule has a description">
Resource: aws_security_group.wide_open
File: /main.tf: 9-19
Guideline: https://docs.prismacloud.io/en/enterprise-edition/policy-reference/aws-policies/aws-networking-policies/networking-31

		9  | resource &quot;aws_security_group&quot; &quot;wide_open&quot; {
		10 |   name        = &quot;fixture-sg&quot;
		11 |   description = &quot;Ingress from anywhere — a \&quot;quoted\&quot; description, to exercise XML escaping&quot;
		12 | 
		13 |   ingress {
		14 |     from_port   = 22
		15 |     to_port     = 22
		16 |     protocol    = &quot;tcp&quot;
		17 |     cidr_blocks = [&quot;0.0.0.0/0&quot;]
		18 |   }
		19 | }
</failure>
		</testcase>
		<testcase name="[NONE][CKV_AWS_23] Ensure every security group and rule has a description" classname="/main.tf.aws_security_group_rule.documented_skip" file="/main.tf">
			<failure type="failure" message="Ensure every security group and rule has a description">
Resource: aws_security_group_rule.documented_skip
File: /main.tf: 22-29
Guideline: https://docs.prismacloud.io/en/enterprise-edition/policy-reference/aws-policies/aws-networking-policies/networking-31

		22 | resource &quot;aws_security_group_rule&quot; &quot;documented_skip&quot; {
		23 |   type              = &quot;ingress&quot;
		24 |   from_port         = 443
		25 |   to_port           = 443
		26 |   protocol          = &quot;tcp&quot;
		27 |   cidr_blocks       = [&quot;0.0.0.0/0&quot;]
		28 |   security_group_id = aws_security_group.wide_open.id
		29 | }
</failure>
		</testcase>
		<testcase name="[NONE][CKV2_AWS_5] Ensure that Security Groups are attached to another resource" classname="/main.tf.aws_security_group.wide_open" file="/main.tf">
			<failure type="failure" message="Ensure that Security Groups are attached to another resource">
Resource: aws_security_group.wide_open
File: /main.tf: 9-19
Guideline: https://docs.prismacloud.io/en/enterprise-edition/policy-reference/aws-policies/aws-networking-policies/ensure-that-security-groups-are-attached-to-ec2-instances-or-elastic-network-interfaces-enis

		9  | resource &quot;aws_security_group&quot; &quot;wide_open&quot; {
		10 |   name        = &quot;fixture-sg&quot;
		11 |   description = &quot;Ingress from anywhere — a \&quot;quoted\&quot; description, to exercise XML escaping&quot;
		12 | 
		13 |   ingress {
		14 |     from_port   = 22
		15 |     to_port     = 22
		16 |     protocol    = &quot;tcp&quot;
		17 |     cidr_blocks = [&quot;0.0.0.0/0&quot;]
		18 |   }
		19 | }
</failure>
		</testcase>
		<testcase name="[NONE][CKV2_AWS_62] Ensure S3 buckets should have event notifications enabled" classname="/main.tf.aws_s3_bucket.unencrypted" file="/main.tf">
			<failure type="failure" message="Ensure S3 buckets should have event notifications enabled">
Resource: aws_s3_bucket.unencrypted
File: /main.tf: 5-7
Guideline: https://docs.prismacloud.io/en/enterprise-edition/policy-reference/aws-policies/aws-logging-policies/bc-aws-2-62

		5 | resource &quot;aws_s3_bucket&quot; &quot;unencrypted&quot; {
		6 |   bucket = &quot;example-fixture-bucket&quot;
		7 | }
</failure>
		</testcase>
		<testcase name="[NONE][CKV2_AWS_62] Ensure S3 buckets should have event notifications enabled" classname="/modules/storage/main.tf.module.storage.aws_s3_bucket.module_bucket" file="/modules/storage/main.tf">
			<failure type="failure" message="Ensure S3 buckets should have event notifications enabled">
Resource: module.storage.aws_s3_bucket.module_bucket
File: /modules/storage/main.tf: 1-3
Guideline: https://docs.prismacloud.io/en/enterprise-edition/policy-reference/aws-policies/aws-logging-policies/bc-aws-2-62

		1 | resource &quot;aws_s3_bucket&quot; &quot;module_bucket&quot; {
		2 |   bucket = &quot;example-fixture-module-bucket&quot;
		3 | }
</failure>
		</testcase>
		<testcase name="[NONE][CKV2_AWS_6] Ensure that S3 bucket has a Public Access block" classname="/main.tf.aws_s3_bucket.unencrypted" file="/main.tf">
			<failure type="failure" message="Ensure that S3 bucket has a Public Access block">
Resource: aws_s3_bucket.unencrypted
File: /main.tf: 5-7
Guideline: https://docs.prismacloud.io/en/enterprise-edition/policy-reference/aws-policies/aws-networking-policies/s3-bucket-should-have-public-access-blocks-defaults-to-false-if-the-public-access-block-is-not-attached

		5 | resource &quot;aws_s3_bucket&quot; &quot;unencrypted&quot; {
		6 |   bucket = &quot;example-fixture-bucket&quot;
		7 | }
</failure>
		</testcase>
		<testcase name="[NONE][CKV2_AWS_6] Ensure that S3 bucket has a Public Access block" classname="/modules/storage/main.tf.module.storage.aws_s3_bucket.module_bucket" file="/modules/storage/main.tf">
			<failure type="failure" message="Ensure that S3 bucket has a Public Access block">
Resource: module.storage.aws_s3_bucket.module_bucket
File: /modules/storage/main.tf: 1-3
Guideline: https://docs.prismacloud.io/en/enterprise-edition/policy-reference/aws-policies/aws-networking-policies/s3-bucket-should-have-public-access-blocks-defaults-to-false-if-the-public-access-block-is-not-attached

		1 | resource &quot;aws_s3_bucket&quot; &quot;module_bucket&quot; {
		2 |   bucket = &quot;example-fixture-module-bucket&quot;
		3 | }
</failure>
		</testcase>
		<testcase name="[NONE][CKV_AWS_18] Ensure the S3 bucket has access logging enabled" classname="/main.tf.aws_s3_bucket.unencrypted" file="/main.tf">
			<failure type="failure" message="Ensure the S3 bucket has access logging enabled">
Resource: aws_s3_bucket.unencrypted
File: /main.tf: 5-7
Guideline: https://docs.prismacloud.io/en/enterprise-edition/policy-reference/aws-policies/s3-policies/s3-13-enable-logging

		5 | resource &quot;aws_s3_bucket&quot; &quot;unencrypted&quot; {
		6 |   bucket = &quot;example-fixture-bucket&quot;
		7 | }
</failure>
		</testcase>
		<testcase name="[NONE][CKV_AWS_18] Ensure the S3 bucket has access logging enabled" classname="/modules/storage/main.tf.module.storage.aws_s3_bucket.module_bucket" file="/modules/storage/main.tf">
			<failure type="failure" message="Ensure the S3 bucket has access logging enabled">
Resource: module.storage.aws_s3_bucket.module_bucket
File: /modules/storage/main.tf: 1-3
Guideline: https://docs.prismacloud.io/en/enterprise-edition/policy-reference/aws-policies/s3-policies/s3-13-enable-logging

		1 | resource &quot;aws_s3_bucket&quot; &quot;module_bucket&quot; {
		2 |   bucket = &quot;example-fixture-module-bucket&quot;
		3 | }
</failure>
		</testcase>
		<testcase name="[NONE][CKV2_AWS_61] Ensure that an S3 bucket has a lifecycle configuration" classname="/main.tf.aws_s3_bucket.unencrypted" file="/main.tf">
			<failure type="failure" message="Ensure that an S3 bucket has a lifecycle configuration">
Resource: aws_s3_bucket.unencrypted
File: /main.tf: 5-7
Guideline: https://docs.prismacloud.io/en/enterprise-edition/policy-reference/aws-policies/aws-logging-policies/bc-aws-2-61

		5 | resource &quot;aws_s3_bucket&quot; &quot;unencrypted&quot; {
		6 |   bucket = &quot;example-fixture-bucket&quot;
		7 | }
</failure>
		</testcase>
		<testcase name="[NONE][CKV2_AWS_61] Ensure that an S3 bucket has a lifecycle configuration" classname="/modules/storage/main.tf.module.storage.aws_s3_bucket.module_bucket" file="/modules/storage/main.tf">
			<failure type="failure" message="Ensure that an S3 bucket has a lifecycle configuration">
Resource: module.storage.aws_s3_bucket.module_bucket
File: /modules/storage/main.tf: 1-3
Guideline: https://docs.prismacloud.io/en/enterprise-edition/policy-reference/aws-policies/aws-logging-policies/bc-aws-2-61

		1 | resource &quot;aws_s3_bucket&quot; &quot;module_bucket&quot; {
		2 |   bucket = &quot;example-fixture-module-bucket&quot;
		3 | }
</failure>
		</testcase>
		<testcase name="[NONE][CKV_AWS_145] Ensure that S3 buckets are encrypted with KMS by default" classname="/main.tf.aws_s3_bucket.unencrypted" file="/main.tf">
			<failure type="failure" message="Ensure that S3 buckets are encrypted with KMS by default">
Resource: aws_s3_bucket.unencrypted
File: /main.tf: 5-7
Guideline: https://docs.prismacloud.io/en/enterprise-edition/policy-reference/aws-policies/aws-general-policies/ensure-that-s3-buckets-are-encrypted-with-kms-by-default

		5 | resource &quot;aws_s3_bucket&quot; &quot;unencrypted&quot; {
		6 |   bucket = &quot;example-fixture-bucket&quot;
		7 | }
</failure>
		</testcase>
		<testcase name="[NONE][CKV_AWS_145] Ensure that S3 buckets are encrypted with KMS by default" classname="/modules/storage/main.tf.module.storage.aws_s3_bucket.module_bucket" file="/modules/storage/main.tf">
			<failure type="failure" message="Ensure that S3 buckets are encrypted with KMS by default">
Resource: module.storage.aws_s3_bucket.module_bucket
File: /modules/storage/main.tf: 1-3
Guideline: https://docs.prismacloud.io/en/enterprise-edition/policy-reference/aws-policies/aws-general-policies/ensure-that-s3-buckets-are-encrypted-with-kms-by-default

		1 | resource &quot;aws_s3_bucket&quot; &quot;module_bucket&quot; {
		2 |   bucket = &quot;example-fixture-module-bucket&quot;
		3 | }
</failure>
		</testcase>
		<testcase name="[NONE][CKV_AWS_144] Ensure that S3 bucket has cross-region replication enabled" classname="/main.tf.aws_s3_bucket.unencrypted" file="/main.tf">
			<failure type="failure" message="Ensure that S3 bucket has cross-region replication enabled">
Resource: aws_s3_bucket.unencrypted
File: /main.tf: 5-7
Guideline: https://docs.prismacloud.io/en/enterprise-edition/policy-reference/aws-policies/aws-general-policies/ensure-that-s3-bucket-has-cross-region-replication-enabled

		5 | resource &quot;aws_s3_bucket&quot; &quot;unencrypted&quot; {
		6 |   bucket = &quot;example-fixture-bucket&quot;
		7 | }
</failure>
		</testcase>
		<testcase name="[NONE][CKV_AWS_144] Ensure that S3 bucket has cross-region replication enabled" classname="/modules/storage/main.tf.module.storage.aws_s3_bucket.module_bucket" file="/modules/storage/main.tf">
			<failure type="failure" message="Ensure that S3 bucket has cross-region replication enabled">
Resource: module.storage.aws_s3_bucket.module_bucket
File: /modules/storage/main.tf: 1-3
Guideline: https://docs.prismacloud.io/en/enterprise-edition/policy-reference/aws-policies/aws-general-policies/ensure-that-s3-bucket-has-cross-region-replication-enabled

		1 | resource &quot;aws_s3_bucket&quot; &quot;module_bucket&quot; {
		2 |   bucket = &quot;example-fixture-module-bucket&quot;
		3 | }
</failure>
		</testcase>
		<testcase name="[NONE][CKV_AWS_21] Ensure all data stored in the S3 bucket have versioning enabled" classname="/main.tf.aws_s3_bucket.unencrypted" file="/main.tf">
			<failure type="failure" message="Ensure all data stored in the S3 bucket have versioning enabled">
Resource: aws_s3_bucket.unencrypted
File: /main.tf: 5-7
Guideline: https://docs.prismacloud.io/en/enterprise-edition/policy-reference/aws-policies/s3-policies/s3-16-enable-versioning

		5 | resource &quot;aws_s3_bucket&quot; &quot;unencrypted&quot; {
		6 |   bucket = &quot;example-fixture-bucket&quot;
		7 | }
</failure>
		</testcase>
	</testsuite>
</testsuites>
