<?xml version="1.0" ?>
<testsuites disabled="0" errors="0" failures="0" tests="17" time="0.0">
	<testsuite disabled="0" errors="0" failures="0" name="terraform scan" skipped="17" tests="17" time="0">
		<properties>
[...]
</properties>
		<testcase name="[NONE][CKV_AWS_24] Ensure no security groups allow ingress from 0.0.0.0:0 to port 22" classname="/main.tf.aws_security_group.wide_open" file="/main.tf">
			<skipped type="skipped" message="baseline-skipped"/>
		</testcase>
		<testcase name="[NONE][CKV_AWS_23] Ensure every security group and rule has a description" classname="/main.tf.aws_security_group.wide_open" file="/main.tf">
			<skipped type="skipped" message="baseline-skipped"/>
		</testcase>
		<testcase name="[NONE][CKV_AWS_23] Ensure every security group and rule has a description" classname="/main.tf.aws_security_group_rule.documented_skip" file="/main.tf">
			<skipped type="skipped" message="baseline-skipped"/>
		</testcase>
		<testcase name="[NONE][CKV2_AWS_5] Ensure that Security Groups are attached to another resource" classname="/main.tf.aws_security_group.wide_open" file="/main.tf">
			<skipped type="skipped" message="baseline-skipped"/>
		</testcase>
		<testcase name="[NONE][CKV2_AWS_62] Ensure S3 buckets should have event notifications enabled" classname="/main.tf.aws_s3_bucket.unencrypted" file="/main.tf">
			<skipped type="skipped" message="baseline-skipped"/>
		</testcase>
		<testcase name="[NONE][CKV2_AWS_62] Ensure S3 buckets should have event notifications enabled" classname="/modules/storage/main.tf.module.storage.aws_s3_bucket.module_bucket" file="/modules/storage/main.tf">
			<skipped type="skipped" message="baseline-skipped"/>
		</testcase>
		<testcase name="[NONE][CKV2_AWS_6] Ensure that S3 bucket has a Public Access block" classname="/main.tf.aws_s3_bucket.unencrypted" file="/main.tf">
			<skipped type="skipped" message="baseline-skipped"/>
		</testcase>
		<testcase name="[NONE][CKV2_AWS_6] Ensure that S3 bucket has a Public Access block" classname="/modules/storage/main.tf.module.storage.aws_s3_bucket.module_bucket" file="/modules/storage/main.tf">
			<skipped type="skipped" message="baseline-skipped"/>
		</testcase>
		<testcase name="[NONE][CKV_AWS_18] Ensure the S3 bucket has access logging enabled" classname="/main.tf.aws_s3_bucket.unencrypted" file="/main.tf">
			<skipped type="skipped" message="baseline-skipped"/>
		</testcase>
		<testcase name="[NONE][CKV_AWS_18] Ensure the S3 bucket has access logging enabled" classname="/modules/storage/main.tf.module.storage.aws_s3_bucket.module_bucket" file="/modules/storage/main.tf">
			<skipped type="skipped" message="baseline-skipped"/>
		</testcase>
		<testcase name="[NONE][CKV2_AWS_61] Ensure that an S3 bucket has a lifecycle configuration" classname="/main.tf.aws_s3_bucket.unencrypted" file="/main.tf">
			<skipped type="skipped" message="baseline-skipped"/>
		</testcase>
		<testcase name="[NONE][CKV2_AWS_61] Ensure that an S3 bucket has a lifecycle configuration" classname="/modules/storage/main.tf.module.storage.aws_s3_bucket.module_bucket" file="/modules/storage/main.tf">
			<skipped type="skipped" message="baseline-skipped"/>
		</testcase>
		<testcase name="[NONE][CKV_AWS_144] Ensure that S3 bucket has cross-region replication enabled" classname="/main.tf.aws_s3_bucket.unencrypted" file="/main.tf">
			<skipped type="skipped" message="baseline-skipped"/>
		</testcase>
		<testcase name="[NONE][CKV_AWS_144] Ensure that S3 bucket has cross-region replication enabled" classname="/modules/storage/main.tf.module.storage.aws_s3_bucket.module_bucket" file="/modules/storage/main.tf">
			<skipped type="skipped" message="baseline-skipped"/>
		</testcase>
		<testcase name="[NONE][CKV_AWS_21] Ensure all data stored in the S3 bucket have versioning enabled" classname="/main.tf.aws_s3_bucket.unencrypted" file="/main.tf">
			<skipped type="skipped" message="baseline-skipped"/>
		</testcase>
		<testcase name="[NONE][CKV_AWS_145] Ensure that S3 buckets are encrypted with KMS by default" classname="/main.tf.aws_s3_bucket.unencrypted" file="/main.tf">
			<skipped type="skipped" message="baseline-skipped"/>
		</testcase>
		<testcase name="[NONE][CKV_AWS_145] Ensure that S3 buckets are encrypted with KMS by default" classname="/modules/storage/main.tf.module.storage.aws_s3_bucket.module_bucket" file="/modules/storage/main.tf">
			<skipped type="skipped" message="baseline-skipped"/>
		</testcase>
	</testsuite>
</testsuites>
